Performing C SOURCE FILE Test CMAKE_HAVE_LIBC_PTHREAD failed with the following output:
Change Dir: /home/blackweb/Documents/ProgrammingProjects/TicTacT/build/CMakeFiles/CMakeTmp

Run Build Command(s):/usr/bin/gmake cmTC_4a3d3/fast && /usr/bin/gmake  -f CMakeFiles/cmTC_4a3d3.dir/build.make CMakeFiles/cmTC_4a3d3.dir/build
gmake[1]: Entering directory '/home/blackweb/Documents/ProgrammingProjects/TicTacT/build/CMakeFiles/CMakeTmp'
Building C object CMakeFiles/cmTC_4a3d3.dir/src.c.o
/usr/lib64/ccache/cc   -DCMAKE_HAVE_LIBC_PTHREAD -fPIE   -o CMakeFiles/cmTC_4a3d3.dir/src.c.o   -c /home/blackweb/Documents/ProgrammingProjects/TicTacT/build/CMakeFiles/CMakeTmp/src.c
Linking C executable cmTC_4a3d3
/usr/bin/cmake -E cmake_link_script CMakeFiles/cmTC_4a3d3.dir/link.txt --verbose=1
/usr/lib64/ccache/cc  -DCMAKE_HAVE_LIBC_PTHREAD    -rdynamic CMakeFiles/cmTC_4a3d3.dir/src.c.o  -o cmTC_4a3d3 
/usr/bin/ld: CMakeFiles/cmTC_4a3d3.dir/src.c.o: in function `main':
src.c:(.text+0x2f): undefined reference to `pthread_create'
/usr/bin/ld: src.c:(.text+0x3b): undefined reference to `pthread_detach'
/usr/bin/ld: src.c:(.text+0x47): undefined reference to `pthread_cancel'
/usr/bin/ld: src.c:(.text+0x58): undefined reference to `pthread_join'
collect2: error: ld returned 1 exit status
gmake[1]: *** [CMakeFiles/cmTC_4a3d3.dir/build.make:107: cmTC_4a3d3] Error 1
gmake[1]: Leaving directory '/home/blackweb/Documents/ProgrammingProjects/TicTacT/build/CMakeFiles/CMakeTmp'
gmake: *** [Makefile:141: cmTC_4a3d3/fast] Error 2


Source file was:
#include <pthread.h>

void* test_func(void* data)
{
  return data;
}

int main(void)
{
  pthread_t thread;
  pthread_create(&thread, NULL, test_func, NULL);
  pthread_detach(thread);
  pthread_cancel(thread);
  pthread_join(thread, NULL);
  pthread_atfork(NULL, NULL, NULL);
  pthread_exit(NULL);

  return 0;
}

Determining if the function pthread_create exists in the pthreads failed with the following output:
Change Dir: /home/blackweb/Documents/ProgrammingProjects/TicTacT/build/CMakeFiles/CMakeTmp

Run Build Command(s):/usr/bin/gmake cmTC_14de2/fast && /usr/bin/gmake  -f CMakeFiles/cmTC_14de2.dir/build.make CMakeFiles/cmTC_14de2.dir/build
gmake[1]: Entering directory '/home/blackweb/Documents/ProgrammingProjects/TicTacT/build/CMakeFiles/CMakeTmp'
Building C object CMakeFiles/cmTC_14de2.dir/CheckFunctionExists.c.o
/usr/lib64/ccache/cc   -DCHECK_FUNCTION_EXISTS=pthread_create -fPIE   -o CMakeFiles/cmTC_14de2.dir/CheckFunctionExists.c.o   -c /usr/share/cmake/Modules/CheckFunctionExists.c
Linking C executable cmTC_14de2
/usr/bin/cmake -E cmake_link_script CMakeFiles/cmTC_14de2.dir/link.txt --verbose=1
/usr/lib64/ccache/cc  -DCHECK_FUNCTION_EXISTS=pthread_create    -rdynamic CMakeFiles/cmTC_14de2.dir/CheckFunctionExists.c.o  -o cmTC_14de2  -lpthreads 
/usr/bin/ld: cannot find -lpthreads
collect2: error: ld returned 1 exit status
gmake[1]: *** [CMakeFiles/cmTC_14de2.dir/build.make:107: cmTC_14de2] Error 1
gmake[1]: Leaving directory '/home/blackweb/Documents/ProgrammingProjects/TicTacT/build/CMakeFiles/CMakeTmp'
gmake: *** [Makefile:141: cmTC_14de2/fast] Error 2



Determining if the function cblas_ddot exists failed with the following output:
Change Dir: /home/blackweb/Documents/ProgrammingProjects/TicTacT/build/CMakeFiles/CMakeTmp

Run Build Command(s):/usr/bin/gmake cmTC_15127/fast && /usr/bin/gmake  -f CMakeFiles/cmTC_15127.dir/build.make CMakeFiles/cmTC_15127.dir/build
gmake[1]: Entering directory '/home/blackweb/Documents/ProgrammingProjects/TicTacT/build/CMakeFiles/CMakeTmp'
Building C object CMakeFiles/cmTC_15127.dir/CheckFunctionExists.c.o
/usr/lib64/ccache/cc   -DCHECK_FUNCTION_EXISTS=cblas_ddot -fPIE   -o CMakeFiles/cmTC_15127.dir/CheckFunctionExists.c.o   -c /usr/share/cmake/Modules/CheckFunctionExists.c
Linking C executable cmTC_15127
/usr/bin/cmake -E cmake_link_script CMakeFiles/cmTC_15127.dir/link.txt --verbose=1
/usr/lib64/ccache/cc  -DCHECK_FUNCTION_EXISTS=cblas_ddot    -rdynamic CMakeFiles/cmTC_15127.dir/CheckFunctionExists.c.o  -o cmTC_15127 
/usr/bin/ld: CMakeFiles/cmTC_15127.dir/CheckFunctionExists.c.o: in function `main':
CheckFunctionExists.c:(.text+0x10): undefined reference to `cblas_ddot'
collect2: error: ld returned 1 exit status
gmake[1]: *** [CMakeFiles/cmTC_15127.dir/build.make:107: cmTC_15127] Error 1
gmake[1]: Leaving directory '/home/blackweb/Documents/ProgrammingProjects/TicTacT/build/CMakeFiles/CMakeTmp'
gmake: *** [Makefile:141: cmTC_15127/fast] Error 2



Determining if the function sgemm_ exists failed with the following output:
Change Dir: /home/blackweb/Documents/ProgrammingProjects/TicTacT/build/CMakeFiles/CMakeTmp

Run Build Command(s):/usr/bin/gmake cmTC_69990/fast && /usr/bin/gmake  -f CMakeFiles/cmTC_69990.dir/build.make CMakeFiles/cmTC_69990.dir/build
gmake[1]: Entering directory '/home/blackweb/Documents/ProgrammingProjects/TicTacT/build/CMakeFiles/CMakeTmp'
Building C object CMakeFiles/cmTC_69990.dir/CheckFunctionExists.c.o
/usr/lib64/ccache/cc   -DCHECK_FUNCTION_EXISTS=sgemm_ -fPIE   -o CMakeFiles/cmTC_69990.dir/CheckFunctionExists.c.o   -c /usr/share/cmake/Modules/CheckFunctionExists.c
Linking C executable cmTC_69990
/usr/bin/cmake -E cmake_link_script CMakeFiles/cmTC_69990.dir/link.txt --verbose=1
/usr/lib64/ccache/cc  -DCHECK_FUNCTION_EXISTS=sgemm_    -rdynamic CMakeFiles/cmTC_69990.dir/CheckFunctionExists.c.o  -o cmTC_69990 
/usr/bin/ld: CMakeFiles/cmTC_69990.dir/CheckFunctionExists.c.o: in function `main':
CheckFunctionExists.c:(.text+0x10): undefined reference to `sgemm_'
collect2: error: ld returned 1 exit status
gmake[1]: *** [CMakeFiles/cmTC_69990.dir/build.make:107: cmTC_69990] Error 1
gmake[1]: Leaving directory '/home/blackweb/Documents/ProgrammingProjects/TicTacT/build/CMakeFiles/CMakeTmp'
gmake: *** [Makefile:141: cmTC_69990/fast] Error 2



